#-----------------------------------------------------------
# Vivado v2019.1 (64-bit)
# SW Build 2552052 on Fri May 24 14:49:42 MDT 2019
# IP Build 2548770 on Fri May 24 18:01:18 MDT 2019
# Start of session at: Sat Nov  9 16:33:17 2024
# Process ID: 1080
# Current directory: E:/Dropbox/Rodgel/Projects/1402/Triangle-TeraHertz/vhdl code/Triangle_Terahertz_FPGA_Ver4.vhd
# Command line: vivado.exe -gui_launcher_event rodinguilauncherevent1360 E:\Dropbox\Rodgel\Projects\1402\Triangle-TeraHertz\vhdl code\Triangle_Terahertz_FPGA_Ver4.vhd\Triangle_Terahertz_FPGA_Ver4.vhd.xpr
# Log file: E:/Dropbox/Rodgel/Projects/1402/Triangle-TeraHertz/vhdl code/Triangle_Terahertz_FPGA_Ver4.vhd/vivado.log
# Journal file: E:/Dropbox/Rodgel/Projects/1402/Triangle-TeraHertz/vhdl code/Triangle_Terahertz_FPGA_Ver4.vhd\vivado.jou
#-----------------------------------------------------------
start_gui
open_project {E:/Dropbox/Rodgel/Projects/1402/Triangle-TeraHertz/vhdl code/Triangle_Terahertz_FPGA_Ver4.vhd/Triangle_Terahertz_FPGA_Ver4.vhd.xpr}
INFO: [ProjectBase 1-489] The host OS only allows 260 characters in a normal path. The project is stored in a path with more than 80 characters. If you experience issues with IP, Block Designs, or files not being found, please consider moving the project to a location with a shorter path. Alternately consider using the OS subst command to map part of the path to a drive letter.
Current project path is 'E:/Dropbox/Rodgel/Projects/1402/Triangle-TeraHertz/vhdl code/Triangle_Terahertz_FPGA_Ver4.vhd'
INFO: [Project 1-313] Project file moved from 'E:/Dropbox/Rodgel/Projects/1402/Triangle-TeraHertz/Triangle_Terahertz_FPGA_Ver4/Triangle_Terahertz_FPGA_Ver4.vhd' since last save.
Scanning sources...
Finished scanning sources
INFO: [IP_Flow 19-234] Refreshing IP repositories
INFO: [IP_Flow 19-1704] No user IP repositories specified
INFO: [IP_Flow 19-2313] Loaded Vivado IP repository 'E:/xilinx/Vivado/2019.1/data/ip'.
open_project: Time (s): cpu = 00:00:28 ; elapsed = 00:00:16 . Memory (MB): peak = 812.477 ; gain = 199.992
update_compile_order -fileset sources_1
reset_run impl_1
launch_runs impl_1 -jobs 2
[Sat Nov  9 16:34:42 2024] Launched impl_1...
Run output will be captured here: E:/Dropbox/Rodgel/Projects/1402/Triangle-TeraHertz/vhdl code/Triangle_Terahertz_FPGA_Ver4.vhd/Triangle_Terahertz_FPGA_Ver4.vhd.runs/impl_1/runme.log
exit
INFO: [Common 17-206] Exiting Vivado at Sat Nov  9 16:37:59 2024...
