
*** Running vivado
    with args -log ComputeModule.vdi -applog -m64 -product Vivado -messageDb vivado.pb -mode batch -source ComputeModule.tcl -notrace


****** Vivado v2019.1 (64-bit)
  **** SW Build 2552052 on Fri May 24 14:49:42 MDT 2019
  **** IP Build 2548770 on Fri May 24 18:01:18 MDT 2019
    ** Copyright 1986-2019 Xilinx, Inc. All Rights Reserved.

source ComputeModule.tcl -notrace
Command: link_design -top ComputeModule -part xc7s25csga225-1
Design is defaulting to srcset: sources_1
Design is defaulting to constrset: constrs_1
INFO: [Device 21-403] Loading part xc7s25csga225-1
INFO: [Project 1-454] Reading design checkpoint 'd:/Dropbox/Rodgel/Projects/1402/Triangle-TeraHertz/Triangle_Terahertz_FPGA_Ver4/Triangle_Terahertz_FPGA_Ver4.vhd/Triangle_Terahertz_FPGA_Ver4.vhd.srcs/sources_1/ip/div_gen_0/div_gen_0.dcp' for cell 'divider_ip_instance'
INFO: [Project 1-454] Reading design checkpoint 'd:/Dropbox/Rodgel/Projects/1402/Triangle-TeraHertz/Triangle_Terahertz_FPGA_Ver4/Triangle_Terahertz_FPGA_Ver4.vhd/Triangle_Terahertz_FPGA_Ver4.vhd.srcs/sources_1/ip/clk_wiz_0/clk_wiz_0.dcp' for cell 'your_instance_name'
INFO: [Netlist 29-17] Analyzing 1006 Unisim elements for replacement
INFO: [Netlist 29-28] Unisim Transformation completed in 0 CPU seconds
INFO: [Project 1-479] Netlist was created with Vivado 2019.1
INFO: [Project 1-570] Preparing netlist for logic optimization
Parsing XDC File [d:/Dropbox/Rodgel/Projects/1402/Triangle-TeraHertz/Triangle_Terahertz_FPGA_Ver4/Triangle_Terahertz_FPGA_Ver4.vhd/Triangle_Terahertz_FPGA_Ver4.vhd.srcs/sources_1/ip/clk_wiz_0/clk_wiz_0_board.xdc] for cell 'your_instance_name/inst'
Finished Parsing XDC File [d:/Dropbox/Rodgel/Projects/1402/Triangle-TeraHertz/Triangle_Terahertz_FPGA_Ver4/Triangle_Terahertz_FPGA_Ver4.vhd/Triangle_Terahertz_FPGA_Ver4.vhd.srcs/sources_1/ip/clk_wiz_0/clk_wiz_0_board.xdc] for cell 'your_instance_name/inst'
Parsing XDC File [d:/Dropbox/Rodgel/Projects/1402/Triangle-TeraHertz/Triangle_Terahertz_FPGA_Ver4/Triangle_Terahertz_FPGA_Ver4.vhd/Triangle_Terahertz_FPGA_Ver4.vhd.srcs/sources_1/ip/clk_wiz_0/clk_wiz_0.xdc] for cell 'your_instance_name/inst'
