INFO: [VRFC 10-163] Analyzing VHDL file "D:/Dropbox/Rodgel/Projects/1402/Triangle-TeraHertz/Triangle_Terahertz_FPGA_Ver4/Triangle_Terahertz_FPGA_Ver4.vhd/Triangle_Terahertz_FPGA_Ver4.vhd.sim/sim_1/impl/func/xsim/ComputeModule_tb_func_impl.vhd" into library xil_defaultlib
INFO: [VRFC 10-3107] analyzing entity 'clk_wiz_0_clk_wiz_0_clk_wiz'
INFO: [VRFC 10-3107] analyzing entity 'div_gen_0_axi_slave_2to1'
INFO: [VRFC 10-3107] analyzing entity 'div_gen_0_c_addsub_lut6'
INFO: [VRFC 10-3107] analyzing entity 'div_gen_0_c_addsub_lut6_104'
INFO: [VRFC 10-3107] analyzing entity 'div_gen_0_c_addsub_lut6_109'
INFO: [VRFC 10-3107] analyzing entity 'div_gen_0_c_addsub_lut6_114'
INFO: [VRFC 10-3107] analyzing entity 'div_gen_0_c_addsub_lut6_119'
INFO: [VRFC 10-3107] analyzing entity 'div_gen_0_c_addsub_lut6_124'
INFO: [VRFC 10-3107] analyzing entity 'div_gen_0_c_addsub_lut6_129'
INFO: [VRFC 10-3107] analyzing entity 'div_gen_0_c_addsub_lut6_134'
INFO: [VRFC 10-3107] analyzing entity 'div_gen_0_c_addsub_lut6_139'
INFO: [VRFC 10-3107] analyzing entity 'div_gen_0_c_addsub_lut6_144'
INFO: [VRFC 10-3107] analyzing entity 'div_gen_0_c_addsub_lut6_149'
INFO: [VRFC 10-3107] analyzing entity 'div_gen_0_c_addsub_lut6_154'
INFO: [VRFC 10-3107] analyzing entity 'div_gen_0_c_addsub_lut6_159'
INFO: [VRFC 10-3107] analyzing entity 'div_gen_0_c_addsub_lut6_164'
INFO: [VRFC 10-3107] analyzing entity 'div_gen_0_c_addsub_lut6_169'
INFO: [VRFC 10-3107] analyzing entity 'div_gen_0_c_addsub_lut6_174'
INFO: [VRFC 10-3107] analyzing entity 'div_gen_0_c_addsub_lut6_179'
INFO: [VRFC 10-3107] analyzing entity 'div_gen_0_xbip_pipe_v3_0_6_viv'
INFO: [VRFC 10-3107] analyzing entity '\div_gen_0_xbip_pipe_v3_0_6_viv__parameterized1\'
INFO: [VRFC 10-3107] analyzing entity '\div_gen_0_xbip_pipe_v3_0_6_viv__parameterized11\'
INFO: [VRFC 10-3107] analyzing entity '\div_gen_0_xbip_pipe_v3_0_6_viv__parameterized11_12\'
INFO: [VRFC 10-3107] analyzing entity '\div_gen_0_xbip_pipe_v3_0_6_viv__parameterized11_19\'
INFO: [VRFC 10-3107] analyzing entity '\div_gen_0_xbip_pipe_v3_0_6_viv__parameterized11_25\'
INFO: [VRFC 10-3107] analyzing entity '\div_gen_0_xbip_pipe_v3_0_6_viv__parameterized11_31\'
INFO: [VRFC 10-3107] analyzing entity '\div_gen_0_xbip_pipe_v3_0_6_viv__parameterized11_38\'
INFO: [VRFC 10-3107] analyzing entity '\div_gen_0_xbip_pipe_v3_0_6_viv__parameterized11_44\'
INFO: [VRFC 10-3107] analyzing entity '\div_gen_0_xbip_pipe_v3_0_6_viv__parameterized11_51\'
INFO: [VRFC 10-3107] analyzing entity '\div_gen_0_xbip_pipe_v3_0_6_viv__parameterized11_57\'
INFO: [VRFC 10-3107] analyzing entity '\div_gen_0_xbip_pipe_v3_0_6_viv__parameterized11_6\'
INFO: [VRFC 10-3107] analyzing entity '\div_gen_0_xbip_pipe_v3_0_6_viv__parameterized11_63\'
INFO: [VRFC 10-3107] analyzing entity '\div_gen_0_xbip_pipe_v3_0_6_viv__parameterized11_67\'
INFO: [VRFC 10-3107] analyzing entity '\div_gen_0_xbip_pipe_v3_0_6_viv__parameterized11_72\'
INFO: [VRFC 10-3107] analyzing entity '\div_gen_0_xbip_pipe_v3_0_6_viv__parameterized11_78\'
INFO: [VRFC 10-3107] analyzing entity '\div_gen_0_xbip_pipe_v3_0_6_viv__parameterized11_86\'
INFO: [VRFC 10-3107] analyzing entity '\div_gen_0_xbip_pipe_v3_0_6_viv__parameterized11_92\'
INFO: [VRFC 10-3107] analyzing entity '\div_gen_0_xbip_pipe_v3_0_6_viv__parameterized11_98\'
INFO: [VRFC 10-3107] analyzing entity '\div_gen_0_xbip_pipe_v3_0_6_viv__parameterized16_73\'
INFO: [VRFC 10-3107] analyzing entity '\div_gen_0_xbip_pipe_v3_0_6_viv__parameterized16_74\'
INFO: [VRFC 10-3107] analyzing entity '\div_gen_0_xbip_pipe_v3_0_6_viv__parameterized16_80\'
INFO: [VRFC 10-3107] analyzing entity '\div_gen_0_xbip_pipe_v3_0_6_viv__parameterized16_81\'
INFO: [VRFC 10-3107] analyzing entity '\div_gen_0_xbip_pipe_v3_0_6_viv__parameterized16_82\'
INFO: [VRFC 10-3107] analyzing entity '\div_gen_0_xbip_pipe_v3_0_6_viv__parameterized16_87\'
INFO: [VRFC 10-3107] analyzing entity '\div_gen_0_xbip_pipe_v3_0_6_viv__parameterized16_88\'
INFO: [VRFC 10-3107] analyzing entity '\div_gen_0_xbip_pipe_v3_0_6_viv__parameterized16_89\'
INFO: [VRFC 10-3107] analyzing entity '\div_gen_0_xbip_pipe_v3_0_6_viv__parameterized16_93\'
INFO: [VRFC 10-3107] analyzing entity '\div_gen_0_xbip_pipe_v3_0_6_viv__parameterized18\'
INFO: [VRFC 10-3107] analyzing entity '\div_gen_0_xbip_pipe_v3_0_6_viv__parameterized1_79\'
INFO: [VRFC 10-3107] analyzing entity '\div_gen_0_xbip_pipe_v3_0_6_viv__parameterized22\'
INFO: [VRFC 10-3107] analyzing entity '\div_gen_0_xbip_pipe_v3_0_6_viv__parameterized26\'
INFO: [VRFC 10-3107] analyzing entity '\div_gen_0_xbip_pipe_v3_0_6_viv__parameterized3\'
INFO: [VRFC 10-3107] analyzing entity '\div_gen_0_xbip_pipe_v3_0_6_viv__parameterized30\'
INFO: [VRFC 10-3107] analyzing entity '\div_gen_0_xbip_pipe_v3_0_6_viv__parameterized34\'
INFO: [VRFC 10-3107] analyzing entity '\div_gen_0_xbip_pipe_v3_0_6_viv__parameterized38\'
INFO: [VRFC 10-3107] analyzing entity '\div_gen_0_xbip_pipe_v3_0_6_viv__parameterized3_0\'
INFO: [VRFC 10-3107] analyzing entity '\div_gen_0_xbip_pipe_v3_0_6_viv__parameterized3_1\'
INFO: [VRFC 10-3107] analyzing entity '\div_gen_0_xbip_pipe_v3_0_6_viv__parameterized3_2\'
INFO: [VRFC 10-3107] analyzing entity '\div_gen_0_xbip_pipe_v3_0_6_viv__parameterized42\'
INFO: [VRFC 10-3107] analyzing entity '\div_gen_0_xbip_pipe_v3_0_6_viv__parameterized46\'
INFO: [VRFC 10-3107] analyzing entity '\div_gen_0_xbip_pipe_v3_0_6_viv__parameterized5\'
INFO: [VRFC 10-3107] analyzing entity '\div_gen_0_xbip_pipe_v3_0_6_viv__parameterized50\'
INFO: [VRFC 10-3107] analyzing entity '\div_gen_0_xbip_pipe_v3_0_6_viv__parameterized54\'
INFO: [VRFC 10-3107] analyzing entity '\div_gen_0_xbip_pipe_v3_0_6_viv__parameterized58\'
INFO: [VRFC 10-3107] analyzing entity '\div_gen_0_xbip_pipe_v3_0_6_viv__parameterized62\'
INFO: [VRFC 10-3107] analyzing entity '\div_gen_0_xbip_pipe_v3_0_6_viv__parameterized66\'
INFO: [VRFC 10-3107] analyzing entity '\div_gen_0_xbip_pipe_v3_0_6_viv__parameterized7\'
INFO: [VRFC 10-3107] analyzing entity '\div_gen_0_xbip_pipe_v3_0_6_viv__parameterized70\'
INFO: [VRFC 10-3107] analyzing entity '\div_gen_0_xbip_pipe_v3_0_6_viv__parameterized72\'
INFO: [VRFC 10-3107] analyzing entity '\div_gen_0_xbip_pipe_v3_0_6_viv__parameterized74\'
INFO: [VRFC 10-3107] analyzing entity '\div_gen_0_xbip_pipe_v3_0_6_viv__parameterized76\'
INFO: [VRFC 10-3107] analyzing entity '\div_gen_0_xbip_pipe_v3_0_6_viv__parameterized78\'
INFO: [VRFC 10-3107] analyzing entity '\div_gen_0_xbip_pipe_v3_0_6_viv__parameterized82\'
INFO: [VRFC 10-3107] analyzing entity '\div_gen_0_xbip_pipe_v3_0_6_viv__parameterized9\'
INFO: [VRFC 10-3107] analyzing entity '\div_gen_0_xbip_pipe_v3_0_6_viv__parameterized9_11\'
INFO: [VRFC 10-3107] analyzing entity '\div_gen_0_xbip_pipe_v3_0_6_viv__parameterized9_18\'
INFO: [VRFC 10-3107] analyzing entity '\div_gen_0_xbip_pipe_v3_0_6_viv__parameterized9_24\'
INFO: [VRFC 10-3107] analyzing entity '\div_gen_0_xbip_pipe_v3_0_6_viv__parameterized9_30\'
INFO: [VRFC 10-3107] analyzing entity '\div_gen_0_xbip_pipe_v3_0_6_viv__parameterized9_37\'
INFO: [VRFC 10-3107] analyzing entity '\div_gen_0_xbip_pipe_v3_0_6_viv__parameterized9_43\'
INFO: [VRFC 10-3107] analyzing entity '\div_gen_0_xbip_pipe_v3_0_6_viv__parameterized9_5\'
INFO: [VRFC 10-3107] analyzing entity '\div_gen_0_xbip_pipe_v3_0_6_viv__parameterized9_50\'
INFO: [VRFC 10-3107] analyzing entity '\div_gen_0_xbip_pipe_v3_0_6_viv__parameterized9_56\'
INFO: [VRFC 10-3107] analyzing entity '\div_gen_0_xbip_pipe_v3_0_6_viv__parameterized9_62\'
INFO: [VRFC 10-3107] analyzing entity '\div_gen_0_xbip_pipe_v3_0_6_viv__parameterized9_66\'
INFO: [VRFC 10-3107] analyzing entity '\div_gen_0_xbip_pipe_v3_0_6_viv__parameterized9_71\'
INFO: [VRFC 10-3107] analyzing entity '\div_gen_0_xbip_pipe_v3_0_6_viv__parameterized9_77\'
INFO: [VRFC 10-3107] analyzing entity '\div_gen_0_xbip_pipe_v3_0_6_viv__parameterized9_85\'
INFO: [VRFC 10-3107] analyzing entity '\div_gen_0_xbip_pipe_v3_0_6_viv__parameterized9_91\'
INFO: [VRFC 10-3107] analyzing entity '\div_gen_0_xbip_pipe_v3_0_6_viv__parameterized9_97\'
INFO: [VRFC 10-3107] analyzing entity 'clk_wiz_0'
INFO: [VRFC 10-3107] analyzing entity 'div_gen_0_c_addsub_viv'
INFO: [VRFC 10-3107] analyzing entity 'div_gen_0_c_addsub_viv_103'
INFO: [VRFC 10-3107] analyzing entity 'div_gen_0_c_addsub_viv_108'
INFO: [VRFC 10-3107] analyzing entity 'div_gen_0_c_addsub_viv_113'
INFO: [VRFC 10-3107] analyzing entity 'div_gen_0_c_addsub_viv_118'
INFO: [VRFC 10-3107] analyzing entity 'div_gen_0_c_addsub_viv_123'
INFO: [VRFC 10-3107] analyzing entity 'div_gen_0_c_addsub_viv_128'
INFO: [VRFC 10-3107] analyzing entity 'div_gen_0_c_addsub_viv_133'
INFO: [VRFC 10-3107] analyzing entity 'div_gen_0_c_addsub_viv_138'
INFO: [VRFC 10-3107] analyzing entity 'div_gen_0_c_addsub_viv_143'
INFO: [VRFC 10-3107] analyzing entity 'div_gen_0_c_addsub_viv_148'
INFO: [VRFC 10-3107] analyzing entity 'div_gen_0_c_addsub_viv_153'
INFO: [VRFC 10-3107] analyzing entity 'div_gen_0_c_addsub_viv_158'
INFO: [VRFC 10-3107] analyzing entity 'div_gen_0_c_addsub_viv_163'
INFO: [VRFC 10-3107] analyzing entity 'div_gen_0_c_addsub_viv_168'
INFO: [VRFC 10-3107] analyzing entity 'div_gen_0_c_addsub_viv_173'
INFO: [VRFC 10-3107] analyzing entity 'div_gen_0_c_addsub_viv_178'
INFO: [VRFC 10-3107] analyzing entity 'div_gen_0_addsubreg_v'
INFO: [VRFC 10-3107] analyzing entity 'div_gen_0_addsubreg_v_10'
INFO: [VRFC 10-3107] analyzing entity 'div_gen_0_addsubreg_v_17'
INFO: [VRFC 10-3107] analyzing entity 'div_gen_0_addsubreg_v_23'
INFO: [VRFC 10-3107] analyzing entity 'div_gen_0_addsubreg_v_29'
INFO: [VRFC 10-3107] analyzing entity 'div_gen_0_addsubreg_v_36'
INFO: [VRFC 10-3107] analyzing entity 'div_gen_0_addsubreg_v_4'
INFO: [VRFC 10-3107] analyzing entity 'div_gen_0_addsubreg_v_42'
INFO: [VRFC 10-3107] analyzing entity 'div_gen_0_addsubreg_v_49'
INFO: [VRFC 10-3107] analyzing entity 'div_gen_0_addsubreg_v_55'
INFO: [VRFC 10-3107] analyzing entity 'div_gen_0_addsubreg_v_61'
INFO: [VRFC 10-3107] analyzing entity 'div_gen_0_addsubreg_v_65'
INFO: [VRFC 10-3107] analyzing entity 'div_gen_0_addsubreg_v_70'
INFO: [VRFC 10-3107] analyzing entity 'div_gen_0_addsubreg_v_76'
INFO: [VRFC 10-3107] analyzing entity 'div_gen_0_addsubreg_v_84'
INFO: [VRFC 10-3107] analyzing entity 'div_gen_0_addsubreg_v_90'
INFO: [VRFC 10-3107] analyzing entity 'div_gen_0_addsubreg_v_96'
INFO: [VRFC 10-3107] analyzing entity 'div_gen_0_dividervdc_v'
INFO: [VRFC 10-3107] analyzing entity 'div_gen_0_bip_sdivider_synth'
INFO: [VRFC 10-3107] analyzing entity 'div_gen_0_div_gen_synth'
INFO: [VRFC 10-3107] analyzing entity 'div_gen_0_div_gen_v5_1_15_viv'
INFO: [VRFC 10-3107] analyzing entity 'div_gen_0_div_gen_v5_1_15'
INFO: [VRFC 10-3107] analyzing entity 'div_gen_0'
INFO: [VRFC 10-3107] analyzing entity 'ComputeModule'
