Vivado Simulator 2019.1
Copyright 1986-1999, 2001-2019 Xilinx, Inc. All Rights Reserved.
Running: D:/Xilinx/Vivado/2019.1/bin/unwrapped/win64.o/xelab.exe -wto 80cfb1815aa14f21ac7ec4308728af78 --incr --debug typical --relax --mt 2 -L xil_defaultlib -L unisims_ver -L unimacro_ver -L secureip -L xpm --snapshot ComputeModule_tb_behav xil_defaultlib.ComputeModule_tb xil_defaultlib.glbl -log elaborate.log 
Using 2 slave threads.
Starting static elaboration
Completed static elaboration
Starting simulation data flow analysis
Completed simulation data flow analysis
Time Resolution for simulation is 1ps
Compiling package std.standard
Compiling package std.textio
Compiling package ieee.std_logic_1164
Compiling package ieee.numeric_std
Compiling package unisim.vcomponents
Compiling package ieee.vital_timing
Compiling package ieee.vital_primitives
Compiling package unisim.vpkg
Compiling package ieee.std_logic_arith
Compiling package ieee.std_logic_signed
Compiling module xil_defaultlib.glbl
Compiling architecture gnd_v of entity unisim.GND [gnd_default]
Compiling architecture lut6_v of entity unisim.LUT6 [\LUT6(init="01010101010000000101...]
Compiling architecture fdre_v of entity unisim.FDRE [\FDRE(init='1')\]
Compiling architecture lut5_v of entity unisim.LUT5 [\LUT5(init="00000000100000001000...]
Compiling architecture fdre_v of entity unisim.FDRE [fdre_default]
Compiling architecture lut6_v of entity unisim.LUT6 [\LUT6(init="00111111101010100010...]
Compiling architecture lut2_v of entity unisim.LUT2 [\LUT2(init="0111")(0,3)\]
Compiling architecture lut6_v of entity unisim.LUT6 [\LUT6(init="11010101110101011101...]
Compiling architecture lut3_v of entity unisim.LUT3 [\LUT3(init="10101100")(0,7)\]
Compiling architecture lut3_v of entity unisim.LUT3 [\LUT3(init="10001111")(0,7)\]
Compiling architecture lut6_v of entity unisim.LUT6 [\LUT6(init="11111111111110001111...]
Compiling architecture lut6_v of entity unisim.LUT6 [\LUT6(init="10100000101000001110...]
Compiling architecture structure of entity xil_defaultlib.div_gen_0_axi_slave_2to1 [div_gen_0_axi_slave_2to1_default]
Compiling architecture srlc32e_v of entity unisim.SRLC32E [\SRLC32E(0,31)\]
Compiling architecture structure of entity xil_defaultlib.div_gen_0_xbip_pipe_v3_0_6_viv [div_gen_0_xbip_pipe_v3_0_6_viv_d...]
Compiling architecture lut6_v of entity unisim.LUT6 [\LUT6(init="11110000111111111010...]
Compiling architecture structure of entity xil_defaultlib.\div_gen_0_xbip_pipe_v3_0_6_viv__parameterized3_180\ [\div_gen_0_xbip_pipe_v3_0_6_viv_...]
Compiling architecture structure of entity xil_defaultlib.\div_gen_0_xbip_pipe_v3_0_6_viv__parameterized14_181\ [\div_gen_0_xbip_pipe_v3_0_6_viv_...]
Compiling architecture structure of entity xil_defaultlib.\div_gen_0_xbip_pipe_v3_0_6_viv__parameterized3_182\ [\div_gen_0_xbip_pipe_v3_0_6_viv_...]
Compiling architecture carry4_v of entity unisim.CARRY4 [carry4_default]
Compiling architecture lut3_v of entity unisim.LUT3 [\LUT3(init="01101001")(0,7)\]
Compiling architecture lut1_v of entity unisim.LUT1 [\LUT1(init="0001")(0,3)\]
Compiling architecture structure of entity xil_defaultlib.div_gen_0_c_addsub_lut6_179 [div_gen_0_c_addsub_lut6_179_defa...]
Compiling architecture structure of entity xil_defaultlib.div_gen_0_c_addsub_viv_178 [div_gen_0_c_addsub_viv_178_defau...]
Compiling architecture structure of entity xil_defaultlib.div_gen_0_addsubreg_v [div_gen_0_addsubreg_v_default]
Compiling architecture structure of entity xil_defaultlib.\div_gen_0_xbip_pipe_v3_0_6_viv__parameterized9\ [\div_gen_0_xbip_pipe_v3_0_6_viv_...]
Compiling architecture lut2_v of entity unisim.LUT2 [\LUT2(init="1001")(0,3)\]
Compiling architecture fdse_v of entity unisim.FDSE [\FDSE(init='0')\]
Compiling architecture structure of entity xil_defaultlib.\div_gen_0_xbip_pipe_v3_0_6_viv__parameterized11\ [\div_gen_0_xbip_pipe_v3_0_6_viv_...]
Compiling architecture structure of entity xil_defaultlib.\div_gen_0_xbip_pipe_v3_0_6_viv__parameterized7\ [\div_gen_0_xbip_pipe_v3_0_6_viv_...]
Compiling architecture lut2_v of entity unisim.LUT2 [\LUT2(init="1000")(0,3)\]
Compiling architecture structure of entity xil_defaultlib.\div_gen_0_xbip_pipe_v3_0_6_viv__parameterized3\ [\div_gen_0_xbip_pipe_v3_0_6_viv_...]
Compiling architecture structure of entity xil_defaultlib.\div_gen_0_xbip_pipe_v3_0_6_viv__parameterized3_0\ [\div_gen_0_xbip_pipe_v3_0_6_viv_...]
Compiling architecture structure of entity xil_defaultlib.\div_gen_0_xbip_pipe_v3_0_6_viv__parameterized3_1\ [\div_gen_0_xbip_pipe_v3_0_6_viv_...]
Compiling architecture structure of entity xil_defaultlib.\div_gen_0_xbip_pipe_v3_0_6_viv__parameterized3_2\ [\div_gen_0_xbip_pipe_v3_0_6_viv_...]
Compiling architecture structure of entity xil_defaultlib.\div_gen_0_xbip_pipe_v3_0_6_viv__parameterized1\ [\div_gen_0_xbip_pipe_v3_0_6_viv_...]
Compiling architecture lut2_v of entity unisim.LUT2 [\LUT2(init="0110")(0,3)\]
Compiling architecture structure of entity xil_defaultlib.\div_gen_0_xbip_pipe_v3_0_6_viv__parameterized5\ [\div_gen_0_xbip_pipe_v3_0_6_viv_...]
Compiling architecture structure of entity xil_defaultlib.\div_gen_0_xbip_pipe_v3_0_6_viv__parameterized16\ [\div_gen_0_xbip_pipe_v3_0_6_viv_...]
Compiling architecture structure of entity xil_defaultlib.\div_gen_0_xbip_pipe_v3_0_6_viv__parameterized16_3\ [\div_gen_0_xbip_pipe_v3_0_6_viv_...]
Compiling architecture structure of entity xil_defaultlib.\div_gen_0_xbip_pipe_v3_0_6_viv__parameterized3_175\ [\div_gen_0_xbip_pipe_v3_0_6_viv_...]
Compiling architecture structure of entity xil_defaultlib.\div_gen_0_xbip_pipe_v3_0_6_viv__parameterized14_176\ [\div_gen_0_xbip_pipe_v3_0_6_viv_...]
Compiling architecture structure of entity xil_defaultlib.\div_gen_0_xbip_pipe_v3_0_6_viv__parameterized3_177\ [\div_gen_0_xbip_pipe_v3_0_6_viv_...]
Compiling architecture structure of entity xil_defaultlib.div_gen_0_c_addsub_lut6_174 [div_gen_0_c_addsub_lut6_174_defa...]
Compiling architecture structure of entity xil_defaultlib.div_gen_0_c_addsub_viv_173 [div_gen_0_c_addsub_viv_173_defau...]
Compiling architecture structure of entity xil_defaultlib.div_gen_0_addsubreg_v_4 [div_gen_0_addsubreg_v_4_default]
Compiling architecture structure of entity xil_defaultlib.\div_gen_0_xbip_pipe_v3_0_6_viv__parameterized9_5\ [\div_gen_0_xbip_pipe_v3_0_6_viv_...]
Compiling architecture structure of entity xil_defaultlib.\div_gen_0_xbip_pipe_v3_0_6_viv__parameterized11_6\ [\div_gen_0_xbip_pipe_v3_0_6_viv_...]
Compiling architecture structure of entity xil_defaultlib.\div_gen_0_xbip_pipe_v3_0_6_viv__parameterized26\ [\div_gen_0_xbip_pipe_v3_0_6_viv_...]
Compiling architecture structure of entity xil_defaultlib.\div_gen_0_xbip_pipe_v3_0_6_viv__parameterized28\ [\div_gen_0_xbip_pipe_v3_0_6_viv_...]
Compiling architecture structure of entity xil_defaultlib.\div_gen_0_xbip_pipe_v3_0_6_viv__parameterized16_7\ [\div_gen_0_xbip_pipe_v3_0_6_viv_...]
Compiling architecture structure of entity xil_defaultlib.\div_gen_0_xbip_pipe_v3_0_6_viv__parameterized16_8\ [\div_gen_0_xbip_pipe_v3_0_6_viv_...]
Compiling architecture structure of entity xil_defaultlib.\div_gen_0_xbip_pipe_v3_0_6_viv__parameterized16_9\ [\div_gen_0_xbip_pipe_v3_0_6_viv_...]
Compiling architecture structure of entity xil_defaultlib.\div_gen_0_xbip_pipe_v3_0_6_viv__parameterized3_170\ [\div_gen_0_xbip_pipe_v3_0_6_viv_...]
Compiling architecture structure of entity xil_defaultlib.\div_gen_0_xbip_pipe_v3_0_6_viv__parameterized14_171\ [\div_gen_0_xbip_pipe_v3_0_6_viv_...]
Compiling architecture structure of entity xil_defaultlib.\div_gen_0_xbip_pipe_v3_0_6_viv__parameterized3_172\ [\div_gen_0_xbip_pipe_v3_0_6_viv_...]
Compiling architecture structure of entity xil_defaultlib.div_gen_0_c_addsub_lut6_169 [div_gen_0_c_addsub_lut6_169_defa...]
Compiling architecture structure of entity xil_defaultlib.div_gen_0_c_addsub_viv_168 [div_gen_0_c_addsub_viv_168_defau...]
Compiling architecture structure of entity xil_defaultlib.div_gen_0_addsubreg_v_10 [div_gen_0_addsubreg_v_10_default]
Compiling architecture structure of entity xil_defaultlib.\div_gen_0_xbip_pipe_v3_0_6_viv__parameterized9_11\ [\div_gen_0_xbip_pipe_v3_0_6_viv_...]
Compiling architecture structure of entity xil_defaultlib.\div_gen_0_xbip_pipe_v3_0_6_viv__parameterized11_12\ [\div_gen_0_xbip_pipe_v3_0_6_viv_...]
Compiling architecture structure of entity xil_defaultlib.\div_gen_0_xbip_pipe_v3_0_6_viv__parameterized30\ [\div_gen_0_xbip_pipe_v3_0_6_viv_...]
Compiling architecture structure of entity xil_defaultlib.\div_gen_0_xbip_pipe_v3_0_6_viv__parameterized32\ [\div_gen_0_xbip_pipe_v3_0_6_viv_...]
Compiling architecture structure of entity xil_defaultlib.\div_gen_0_xbip_pipe_v3_0_6_viv__parameterized16_13\ [\div_gen_0_xbip_pipe_v3_0_6_viv_...]
Compiling architecture structure of entity xil_defaultlib.\div_gen_0_xbip_pipe_v3_0_6_viv__parameterized16_14\ [\div_gen_0_xbip_pipe_v3_0_6_viv_...]
Compiling architecture structure of entity xil_defaultlib.\div_gen_0_xbip_pipe_v3_0_6_viv__parameterized16_15\ [\div_gen_0_xbip_pipe_v3_0_6_viv_...]
Compiling architecture structure of entity xil_defaultlib.\div_gen_0_xbip_pipe_v3_0_6_viv__parameterized16_16\ [\div_gen_0_xbip_pipe_v3_0_6_viv_...]
Compiling architecture structure of entity xil_defaultlib.\div_gen_0_xbip_pipe_v3_0_6_viv__parameterized3_165\ [\div_gen_0_xbip_pipe_v3_0_6_viv_...]
Compiling architecture structure of entity xil_defaultlib.\div_gen_0_xbip_pipe_v3_0_6_viv__parameterized14_166\ [\div_gen_0_xbip_pipe_v3_0_6_viv_...]
Compiling architecture structure of entity xil_defaultlib.\div_gen_0_xbip_pipe_v3_0_6_viv__parameterized3_167\ [\div_gen_0_xbip_pipe_v3_0_6_viv_...]
Compiling architecture structure of entity xil_defaultlib.div_gen_0_c_addsub_lut6_164 [div_gen_0_c_addsub_lut6_164_defa...]
Compiling architecture structure of entity xil_defaultlib.div_gen_0_c_addsub_viv_163 [div_gen_0_c_addsub_viv_163_defau...]
Compiling architecture structure of entity xil_defaultlib.div_gen_0_addsubreg_v_17 [div_gen_0_addsubreg_v_17_default]
Compiling architecture structure of entity xil_defaultlib.\div_gen_0_xbip_pipe_v3_0_6_viv__parameterized9_18\ [\div_gen_0_xbip_pipe_v3_0_6_viv_...]
Compiling architecture structure of entity xil_defaultlib.\div_gen_0_xbip_pipe_v3_0_6_viv__parameterized11_19\ [\div_gen_0_xbip_pipe_v3_0_6_viv_...]
Compiling architecture structure of entity xil_defaultlib.\div_gen_0_xbip_pipe_v3_0_6_viv__parameterized34\ [\div_gen_0_xbip_pipe_v3_0_6_viv_...]
Compiling architecture structure of entity xil_defaultlib.\div_gen_0_xbip_pipe_v3_0_6_viv__parameterized36\ [\div_gen_0_xbip_pipe_v3_0_6_viv_...]
Compiling architecture structure of entity xil_defaultlib.\div_gen_0_xbip_pipe_v3_0_6_viv__parameterized16_20\ [\div_gen_0_xbip_pipe_v3_0_6_viv_...]
Compiling architecture structure of entity xil_defaultlib.\div_gen_0_xbip_pipe_v3_0_6_viv__parameterized16_21\ [\div_gen_0_xbip_pipe_v3_0_6_viv_...]
Compiling architecture structure of entity xil_defaultlib.\div_gen_0_xbip_pipe_v3_0_6_viv__parameterized16_22\ [\div_gen_0_xbip_pipe_v3_0_6_viv_...]
Compiling architecture structure of entity xil_defaultlib.\div_gen_0_xbip_pipe_v3_0_6_viv__parameterized3_160\ [\div_gen_0_xbip_pipe_v3_0_6_viv_...]
Compiling architecture structure of entity xil_defaultlib.\div_gen_0_xbip_pipe_v3_0_6_viv__parameterized14_161\ [\div_gen_0_xbip_pipe_v3_0_6_viv_...]
Compiling architecture structure of entity xil_defaultlib.\div_gen_0_xbip_pipe_v3_0_6_viv__parameterized3_162\ [\div_gen_0_xbip_pipe_v3_0_6_viv_...]
Compiling architecture structure of entity xil_defaultlib.div_gen_0_c_addsub_lut6_159 [div_gen_0_c_addsub_lut6_159_defa...]
Compiling architecture structure of entity xil_defaultlib.div_gen_0_c_addsub_viv_158 [div_gen_0_c_addsub_viv_158_defau...]
Compiling architecture structure of entity xil_defaultlib.div_gen_0_addsubreg_v_23 [div_gen_0_addsubreg_v_23_default]
Compiling architecture structure of entity xil_defaultlib.\div_gen_0_xbip_pipe_v3_0_6_viv__parameterized9_24\ [\div_gen_0_xbip_pipe_v3_0_6_viv_...]
Compiling architecture structure of entity xil_defaultlib.\div_gen_0_xbip_pipe_v3_0_6_viv__parameterized11_25\ [\div_gen_0_xbip_pipe_v3_0_6_viv_...]
Compiling architecture structure of entity xil_defaultlib.\div_gen_0_xbip_pipe_v3_0_6_viv__parameterized38\ [\div_gen_0_xbip_pipe_v3_0_6_viv_...]
Compiling architecture structure of entity xil_defaultlib.\div_gen_0_xbip_pipe_v3_0_6_viv__parameterized40\ [\div_gen_0_xbip_pipe_v3_0_6_viv_...]
Compiling architecture structure of entity xil_defaultlib.\div_gen_0_xbip_pipe_v3_0_6_viv__parameterized16_26\ [\div_gen_0_xbip_pipe_v3_0_6_viv_...]
Compiling architecture structure of entity xil_defaultlib.\div_gen_0_xbip_pipe_v3_0_6_viv__parameterized16_27\ [\div_gen_0_xbip_pipe_v3_0_6_viv_...]
Compiling architecture structure of entity xil_defaultlib.\div_gen_0_xbip_pipe_v3_0_6_viv__parameterized16_28\ [\div_gen_0_xbip_pipe_v3_0_6_viv_...]
Compiling architecture structure of entity xil_defaultlib.\div_gen_0_xbip_pipe_v3_0_6_viv__parameterized3_155\ [\div_gen_0_xbip_pipe_v3_0_6_viv_...]
Compiling architecture structure of entity xil_defaultlib.\div_gen_0_xbip_pipe_v3_0_6_viv__parameterized14_156\ [\div_gen_0_xbip_pipe_v3_0_6_viv_...]
Compiling architecture structure of entity xil_defaultlib.\div_gen_0_xbip_pipe_v3_0_6_viv__parameterized3_157\ [\div_gen_0_xbip_pipe_v3_0_6_viv_...]
Compiling architecture structure of entity xil_defaultlib.div_gen_0_c_addsub_lut6_154 [div_gen_0_c_addsub_lut6_154_defa...]
Compiling architecture structure of entity xil_defaultlib.div_gen_0_c_addsub_viv_153 [div_gen_0_c_addsub_viv_153_defau...]
Compiling architecture structure of entity xil_defaultlib.div_gen_0_addsubreg_v_29 [div_gen_0_addsubreg_v_29_default]
Compiling architecture structure of entity xil_defaultlib.\div_gen_0_xbip_pipe_v3_0_6_viv__parameterized9_30\ [\div_gen_0_xbip_pipe_v3_0_6_viv_...]
Compiling architecture structure of entity xil_defaultlib.\div_gen_0_xbip_pipe_v3_0_6_viv__parameterized11_31\ [\div_gen_0_xbip_pipe_v3_0_6_viv_...]
Compiling architecture structure of entity xil_defaultlib.\div_gen_0_xbip_pipe_v3_0_6_viv__parameterized42\ [\div_gen_0_xbip_pipe_v3_0_6_viv_...]
Compiling architecture structure of entity xil_defaultlib.\div_gen_0_xbip_pipe_v3_0_6_viv__parameterized44\ [\div_gen_0_xbip_pipe_v3_0_6_viv_...]
Compiling architecture structure of entity xil_defaultlib.\div_gen_0_xbip_pipe_v3_0_6_viv__parameterized16_32\ [\div_gen_0_xbip_pipe_v3_0_6_viv_...]
Compiling architecture structure of entity xil_defaultlib.\div_gen_0_xbip_pipe_v3_0_6_viv__parameterized16_33\ [\div_gen_0_xbip_pipe_v3_0_6_viv_...]
Compiling architecture structure of entity xil_defaultlib.\div_gen_0_xbip_pipe_v3_0_6_viv__parameterized16_34\ [\div_gen_0_xbip_pipe_v3_0_6_viv_...]
Compiling architecture structure of entity xil_defaultlib.\div_gen_0_xbip_pipe_v3_0_6_viv__parameterized16_35\ [\div_gen_0_xbip_pipe_v3_0_6_viv_...]
Compiling architecture structure of entity xil_defaultlib.\div_gen_0_xbip_pipe_v3_0_6_viv__parameterized3_150\ [\div_gen_0_xbip_pipe_v3_0_6_viv_...]
Compiling architecture structure of entity xil_defaultlib.\div_gen_0_xbip_pipe_v3_0_6_viv__parameterized14_151\ [\div_gen_0_xbip_pipe_v3_0_6_viv_...]
Compiling architecture structure of entity xil_defaultlib.\div_gen_0_xbip_pipe_v3_0_6_viv__parameterized3_152\ [\div_gen_0_xbip_pipe_v3_0_6_viv_...]
Compiling architecture structure of entity xil_defaultlib.div_gen_0_c_addsub_lut6_149 [div_gen_0_c_addsub_lut6_149_defa...]
Compiling architecture structure of entity xil_defaultlib.div_gen_0_c_addsub_viv_148 [div_gen_0_c_addsub_viv_148_defau...]
Compiling architecture structure of entity xil_defaultlib.div_gen_0_addsubreg_v_36 [div_gen_0_addsubreg_v_36_default]
Compiling architecture structure of entity xil_defaultlib.\div_gen_0_xbip_pipe_v3_0_6_viv__parameterized9_37\ [\div_gen_0_xbip_pipe_v3_0_6_viv_...]
Compiling architecture structure of entity xil_defaultlib.\div_gen_0_xbip_pipe_v3_0_6_viv__parameterized11_38\ [\div_gen_0_xbip_pipe_v3_0_6_viv_...]
Compiling architecture structure of entity xil_defaultlib.\div_gen_0_xbip_pipe_v3_0_6_viv__parameterized46\ [\div_gen_0_xbip_pipe_v3_0_6_viv_...]
Compiling architecture structure of entity xil_defaultlib.\div_gen_0_xbip_pipe_v3_0_6_viv__parameterized48\ [\div_gen_0_xbip_pipe_v3_0_6_viv_...]
Compiling architecture structure of entity xil_defaultlib.\div_gen_0_xbip_pipe_v3_0_6_viv__parameterized16_39\ [\div_gen_0_xbip_pipe_v3_0_6_viv_...]
Compiling architecture structure of entity xil_defaultlib.\div_gen_0_xbip_pipe_v3_0_6_viv__parameterized16_40\ [\div_gen_0_xbip_pipe_v3_0_6_viv_...]
Compiling architecture structure of entity xil_defaultlib.\div_gen_0_xbip_pipe_v3_0_6_viv__parameterized16_41\ [\div_gen_0_xbip_pipe_v3_0_6_viv_...]
Compiling architecture structure of entity xil_defaultlib.\div_gen_0_xbip_pipe_v3_0_6_viv__parameterized3_145\ [\div_gen_0_xbip_pipe_v3_0_6_viv_...]
Compiling architecture structure of entity xil_defaultlib.\div_gen_0_xbip_pipe_v3_0_6_viv__parameterized14_146\ [\div_gen_0_xbip_pipe_v3_0_6_viv_...]
Compiling architecture structure of entity xil_defaultlib.\div_gen_0_xbip_pipe_v3_0_6_viv__parameterized3_147\ [\div_gen_0_xbip_pipe_v3_0_6_viv_...]
Compiling architecture structure of entity xil_defaultlib.div_gen_0_c_addsub_lut6_144 [div_gen_0_c_addsub_lut6_144_defa...]
Compiling architecture structure of entity xil_defaultlib.div_gen_0_c_addsub_viv_143 [div_gen_0_c_addsub_viv_143_defau...]
Compiling architecture structure of entity xil_defaultlib.div_gen_0_addsubreg_v_42 [div_gen_0_addsubreg_v_42_default]
Compiling architecture structure of entity xil_defaultlib.\div_gen_0_xbip_pipe_v3_0_6_viv__parameterized9_43\ [\div_gen_0_xbip_pipe_v3_0_6_viv_...]
Compiling architecture structure of entity xil_defaultlib.\div_gen_0_xbip_pipe_v3_0_6_viv__parameterized11_44\ [\div_gen_0_xbip_pipe_v3_0_6_viv_...]
Compiling architecture structure of entity xil_defaultlib.\div_gen_0_xbip_pipe_v3_0_6_viv__parameterized50\ [\div_gen_0_xbip_pipe_v3_0_6_viv_...]
Compiling architecture structure of entity xil_defaultlib.\div_gen_0_xbip_pipe_v3_0_6_viv__parameterized52\ [\div_gen_0_xbip_pipe_v3_0_6_viv_...]
Compiling architecture structure of entity xil_defaultlib.\div_gen_0_xbip_pipe_v3_0_6_viv__parameterized16_45\ [\div_gen_0_xbip_pipe_v3_0_6_viv_...]
Compiling architecture structure of entity xil_defaultlib.\div_gen_0_xbip_pipe_v3_0_6_viv__parameterized16_46\ [\div_gen_0_xbip_pipe_v3_0_6_viv_...]
Compiling architecture structure of entity xil_defaultlib.\div_gen_0_xbip_pipe_v3_0_6_viv__parameterized16_47\ [\div_gen_0_xbip_pipe_v3_0_6_viv_...]
Compiling architecture structure of entity xil_defaultlib.\div_gen_0_xbip_pipe_v3_0_6_viv__parameterized16_48\ [\div_gen_0_xbip_pipe_v3_0_6_viv_...]
Compiling architecture structure of entity xil_defaultlib.\div_gen_0_xbip_pipe_v3_0_6_viv__parameterized3_140\ [\div_gen_0_xbip_pipe_v3_0_6_viv_...]
Compiling architecture structure of entity xil_defaultlib.\div_gen_0_xbip_pipe_v3_0_6_viv__parameterized14_141\ [\div_gen_0_xbip_pipe_v3_0_6_viv_...]
Compiling architecture structure of entity xil_defaultlib.\div_gen_0_xbip_pipe_v3_0_6_viv__parameterized3_142\ [\div_gen_0_xbip_pipe_v3_0_6_viv_...]
Compiling architecture structure of entity xil_defaultlib.div_gen_0_c_addsub_lut6_139 [div_gen_0_c_addsub_lut6_139_defa...]
Compiling architecture structure of entity xil_defaultlib.div_gen_0_c_addsub_viv_138 [div_gen_0_c_addsub_viv_138_defau...]
Compiling architecture structure of entity xil_defaultlib.div_gen_0_addsubreg_v_49 [div_gen_0_addsubreg_v_49_default]
Compiling architecture structure of entity xil_defaultlib.\div_gen_0_xbip_pipe_v3_0_6_viv__parameterized9_50\ [\div_gen_0_xbip_pipe_v3_0_6_viv_...]
Compiling architecture structure of entity xil_defaultlib.\div_gen_0_xbip_pipe_v3_0_6_viv__parameterized11_51\ [\div_gen_0_xbip_pipe_v3_0_6_viv_...]
Compiling architecture structure of entity xil_defaultlib.\div_gen_0_xbip_pipe_v3_0_6_viv__parameterized54\ [\div_gen_0_xbip_pipe_v3_0_6_viv_...]
Compiling architecture structure of entity xil_defaultlib.\div_gen_0_xbip_pipe_v3_0_6_viv__parameterized56\ [\div_gen_0_xbip_pipe_v3_0_6_viv_...]
Compiling architecture structure of entity xil_defaultlib.\div_gen_0_xbip_pipe_v3_0_6_viv__parameterized16_52\ [\div_gen_0_xbip_pipe_v3_0_6_viv_...]
Compiling architecture structure of entity xil_defaultlib.\div_gen_0_xbip_pipe_v3_0_6_viv__parameterized16_53\ [\div_gen_0_xbip_pipe_v3_0_6_viv_...]
Compiling architecture structure of entity xil_defaultlib.\div_gen_0_xbip_pipe_v3_0_6_viv__parameterized16_54\ [\div_gen_0_xbip_pipe_v3_0_6_viv_...]
Compiling architecture structure of entity xil_defaultlib.\div_gen_0_xbip_pipe_v3_0_6_viv__parameterized3_135\ [\div_gen_0_xbip_pipe_v3_0_6_viv_...]
Compiling architecture structure of entity xil_defaultlib.\div_gen_0_xbip_pipe_v3_0_6_viv__parameterized14_136\ [\div_gen_0_xbip_pipe_v3_0_6_viv_...]
Compiling architecture structure of entity xil_defaultlib.\div_gen_0_xbip_pipe_v3_0_6_viv__parameterized3_137\ [\div_gen_0_xbip_pipe_v3_0_6_viv_...]
Compiling architecture structure of entity xil_defaultlib.div_gen_0_c_addsub_lut6_134 [div_gen_0_c_addsub_lut6_134_defa...]
Compiling architecture structure of entity xil_defaultlib.div_gen_0_c_addsub_viv_133 [div_gen_0_c_addsub_viv_133_defau...]
Compiling architecture structure of entity xil_defaultlib.div_gen_0_addsubreg_v_55 [div_gen_0_addsubreg_v_55_default]
Compiling architecture structure of entity xil_defaultlib.\div_gen_0_xbip_pipe_v3_0_6_viv__parameterized9_56\ [\div_gen_0_xbip_pipe_v3_0_6_viv_...]
Compiling architecture structure of entity xil_defaultlib.\div_gen_0_xbip_pipe_v3_0_6_viv__parameterized11_57\ [\div_gen_0_xbip_pipe_v3_0_6_viv_...]
Compiling architecture structure of entity xil_defaultlib.\div_gen_0_xbip_pipe_v3_0_6_viv__parameterized58\ [\div_gen_0_xbip_pipe_v3_0_6_viv_...]
Compiling architecture structure of entity xil_defaultlib.\div_gen_0_xbip_pipe_v3_0_6_viv__parameterized60\ [\div_gen_0_xbip_pipe_v3_0_6_viv_...]
Compiling architecture structure of entity xil_defaultlib.\div_gen_0_xbip_pipe_v3_0_6_viv__parameterized16_58\ [\div_gen_0_xbip_pipe_v3_0_6_viv_...]
Compiling architecture structure of entity xil_defaultlib.\div_gen_0_xbip_pipe_v3_0_6_viv__parameterized16_59\ [\div_gen_0_xbip_pipe_v3_0_6_viv_...]
Compiling architecture structure of entity xil_defaultlib.\div_gen_0_xbip_pipe_v3_0_6_viv__parameterized16_60\ [\div_gen_0_xbip_pipe_v3_0_6_viv_...]
Compiling architecture structure of entity xil_defaultlib.\div_gen_0_xbip_pipe_v3_0_6_viv__parameterized3_130\ [\div_gen_0_xbip_pipe_v3_0_6_viv_...]
Compiling architecture structure of entity xil_defaultlib.\div_gen_0_xbip_pipe_v3_0_6_viv__parameterized14_131\ [\div_gen_0_xbip_pipe_v3_0_6_viv_...]
Compiling architecture structure of entity xil_defaultlib.\div_gen_0_xbip_pipe_v3_0_6_viv__parameterized3_132\ [\div_gen_0_xbip_pipe_v3_0_6_viv_...]
Compiling architecture structure of entity xil_defaultlib.div_gen_0_c_addsub_lut6_129 [div_gen_0_c_addsub_lut6_129_defa...]
Compiling architecture structure of entity xil_defaultlib.div_gen_0_c_addsub_viv_128 [div_gen_0_c_addsub_viv_128_defau...]
Compiling architecture structure of entity xil_defaultlib.div_gen_0_addsubreg_v_61 [div_gen_0_addsubreg_v_61_default]
Compiling architecture structure of entity xil_defaultlib.\div_gen_0_xbip_pipe_v3_0_6_viv__parameterized9_62\ [\div_gen_0_xbip_pipe_v3_0_6_viv_...]
Compiling architecture structure of entity xil_defaultlib.\div_gen_0_xbip_pipe_v3_0_6_viv__parameterized11_63\ [\div_gen_0_xbip_pipe_v3_0_6_viv_...]
Compiling architecture structure of entity xil_defaultlib.\div_gen_0_xbip_pipe_v3_0_6_viv__parameterized62\ [\div_gen_0_xbip_pipe_v3_0_6_viv_...]
Compiling architecture structure of entity xil_defaultlib.\div_gen_0_xbip_pipe_v3_0_6_viv__parameterized64\ [\div_gen_0_xbip_pipe_v3_0_6_viv_...]
Compiling architecture structure of entity xil_defaultlib.\div_gen_0_xbip_pipe_v3_0_6_viv__parameterized16_64\ [\div_gen_0_xbip_pipe_v3_0_6_viv_...]
Compiling architecture structure of entity xil_defaultlib.\div_gen_0_xbip_pipe_v3_0_6_viv__parameterized3_125\ [\div_gen_0_xbip_pipe_v3_0_6_viv_...]
Compiling architecture structure of entity xil_defaultlib.\div_gen_0_xbip_pipe_v3_0_6_viv__parameterized14_126\ [\div_gen_0_xbip_pipe_v3_0_6_viv_...]
Compiling architecture structure of entity xil_defaultlib.\div_gen_0_xbip_pipe_v3_0_6_viv__parameterized3_127\ [\div_gen_0_xbip_pipe_v3_0_6_viv_...]
Compiling architecture structure of entity xil_defaultlib.div_gen_0_c_addsub_lut6_124 [div_gen_0_c_addsub_lut6_124_defa...]
Compiling architecture structure of entity xil_defaultlib.div_gen_0_c_addsub_viv_123 [div_gen_0_c_addsub_viv_123_defau...]
Compiling architecture structure of entity xil_defaultlib.div_gen_0_addsubreg_v_65 [div_gen_0_addsubreg_v_65_default]
Compiling architecture structure of entity xil_defaultlib.\div_gen_0_xbip_pipe_v3_0_6_viv__parameterized9_66\ [\div_gen_0_xbip_pipe_v3_0_6_viv_...]
Compiling architecture structure of entity xil_defaultlib.\div_gen_0_xbip_pipe_v3_0_6_viv__parameterized11_67\ [\div_gen_0_xbip_pipe_v3_0_6_viv_...]
Compiling architecture structure of entity xil_defaultlib.\div_gen_0_xbip_pipe_v3_0_6_viv__parameterized18\ [\div_gen_0_xbip_pipe_v3_0_6_viv_...]
Compiling architecture structure of entity xil_defaultlib.\div_gen_0_xbip_pipe_v3_0_6_viv__parameterized20\ [\div_gen_0_xbip_pipe_v3_0_6_viv_...]
Compiling architecture structure of entity xil_defaultlib.\div_gen_0_xbip_pipe_v3_0_6_viv__parameterized16_68\ [\div_gen_0_xbip_pipe_v3_0_6_viv_...]
Compiling architecture structure of entity xil_defaultlib.\div_gen_0_xbip_pipe_v3_0_6_viv__parameterized16_69\ [\div_gen_0_xbip_pipe_v3_0_6_viv_...]
Compiling architecture structure of entity xil_defaultlib.\div_gen_0_xbip_pipe_v3_0_6_viv__parameterized3_120\ [\div_gen_0_xbip_pipe_v3_0_6_viv_...]
Compiling architecture structure of entity xil_defaultlib.\div_gen_0_xbip_pipe_v3_0_6_viv__parameterized14_121\ [\div_gen_0_xbip_pipe_v3_0_6_viv_...]
Compiling architecture structure of entity xil_defaultlib.\div_gen_0_xbip_pipe_v3_0_6_viv__parameterized3_122\ [\div_gen_0_xbip_pipe_v3_0_6_viv_...]
Compiling architecture structure of entity xil_defaultlib.div_gen_0_c_addsub_lut6_119 [div_gen_0_c_addsub_lut6_119_defa...]
Compiling architecture structure of entity xil_defaultlib.div_gen_0_c_addsub_viv_118 [div_gen_0_c_addsub_viv_118_defau...]
Compiling architecture structure of entity xil_defaultlib.div_gen_0_addsubreg_v_70 [div_gen_0_addsubreg_v_70_default]
Compiling architecture structure of entity xil_defaultlib.\div_gen_0_xbip_pipe_v3_0_6_viv__parameterized9_71\ [\div_gen_0_xbip_pipe_v3_0_6_viv_...]
Compiling architecture structure of entity xil_defaultlib.\div_gen_0_xbip_pipe_v3_0_6_viv__parameterized11_72\ [\div_gen_0_xbip_pipe_v3_0_6_viv_...]
Compiling architecture structure of entity xil_defaultlib.\div_gen_0_xbip_pipe_v3_0_6_viv__parameterized66\ [\div_gen_0_xbip_pipe_v3_0_6_viv_...]
Compiling architecture structure of entity xil_defaultlib.\div_gen_0_xbip_pipe_v3_0_6_viv__parameterized68\ [\div_gen_0_xbip_pipe_v3_0_6_viv_...]
Compiling architecture structure of entity xil_defaultlib.\div_gen_0_xbip_pipe_v3_0_6_viv__parameterized16_73\ [\div_gen_0_xbip_pipe_v3_0_6_viv_...]
Compiling architecture structure of entity xil_defaultlib.\div_gen_0_xbip_pipe_v3_0_6_viv__parameterized16_74\ [\div_gen_0_xbip_pipe_v3_0_6_viv_...]
Compiling architecture structure of entity xil_defaultlib.\div_gen_0_xbip_pipe_v3_0_6_viv__parameterized16_75\ [\div_gen_0_xbip_pipe_v3_0_6_viv_...]
Compiling architecture structure of entity xil_defaultlib.\div_gen_0_xbip_pipe_v3_0_6_viv__parameterized3_115\ [\div_gen_0_xbip_pipe_v3_0_6_viv_...]
Compiling architecture structure of entity xil_defaultlib.\div_gen_0_xbip_pipe_v3_0_6_viv__parameterized14_116\ [\div_gen_0_xbip_pipe_v3_0_6_viv_...]
Compiling architecture structure of entity xil_defaultlib.\div_gen_0_xbip_pipe_v3_0_6_viv__parameterized3_117\ [\div_gen_0_xbip_pipe_v3_0_6_viv_...]
Compiling architecture structure of entity xil_defaultlib.div_gen_0_c_addsub_lut6_114 [div_gen_0_c_addsub_lut6_114_defa...]
Compiling architecture structure of entity xil_defaultlib.div_gen_0_c_addsub_viv_113 [div_gen_0_c_addsub_viv_113_defau...]
Compiling architecture structure of entity xil_defaultlib.div_gen_0_addsubreg_v_76 [div_gen_0_addsubreg_v_76_default]
Compiling architecture structure of entity xil_defaultlib.\div_gen_0_xbip_pipe_v3_0_6_viv__parameterized9_77\ [\div_gen_0_xbip_pipe_v3_0_6_viv_...]
Compiling architecture structure of entity xil_defaultlib.\div_gen_0_xbip_pipe_v3_0_6_viv__parameterized11_78\ [\div_gen_0_xbip_pipe_v3_0_6_viv_...]
Compiling architecture structure of entity xil_defaultlib.\div_gen_0_xbip_pipe_v3_0_6_viv__parameterized70\ [\div_gen_0_xbip_pipe_v3_0_6_viv_...]
Compiling architecture structure of entity xil_defaultlib.\div_gen_0_xbip_pipe_v3_0_6_viv__parameterized1_79\ [\div_gen_0_xbip_pipe_v3_0_6_viv_...]
Compiling architecture structure of entity xil_defaultlib.\div_gen_0_xbip_pipe_v3_0_6_viv__parameterized16_80\ [\div_gen_0_xbip_pipe_v3_0_6_viv_...]
Compiling architecture structure of entity xil_defaultlib.\div_gen_0_xbip_pipe_v3_0_6_viv__parameterized16_81\ [\div_gen_0_xbip_pipe_v3_0_6_viv_...]
Compiling architecture structure of entity xil_defaultlib.\div_gen_0_xbip_pipe_v3_0_6_viv__parameterized16_82\ [\div_gen_0_xbip_pipe_v3_0_6_viv_...]
Compiling architecture structure of entity xil_defaultlib.\div_gen_0_xbip_pipe_v3_0_6_viv__parameterized16_83\ [\div_gen_0_xbip_pipe_v3_0_6_viv_...]
Compiling architecture structure of entity xil_defaultlib.\div_gen_0_xbip_pipe_v3_0_6_viv__parameterized3_110\ [\div_gen_0_xbip_pipe_v3_0_6_viv_...]
Compiling architecture structure of entity xil_defaultlib.\div_gen_0_xbip_pipe_v3_0_6_viv__parameterized14_111\ [\div_gen_0_xbip_pipe_v3_0_6_viv_...]
Compiling architecture structure of entity xil_defaultlib.\div_gen_0_xbip_pipe_v3_0_6_viv__parameterized3_112\ [\div_gen_0_xbip_pipe_v3_0_6_viv_...]
Compiling architecture structure of entity xil_defaultlib.div_gen_0_c_addsub_lut6_109 [div_gen_0_c_addsub_lut6_109_defa...]
Compiling architecture structure of entity xil_defaultlib.div_gen_0_c_addsub_viv_108 [div_gen_0_c_addsub_viv_108_defau...]
Compiling architecture structure of entity xil_defaultlib.div_gen_0_addsubreg_v_84 [div_gen_0_addsubreg_v_84_default]
Compiling architecture structure of entity xil_defaultlib.\div_gen_0_xbip_pipe_v3_0_6_viv__parameterized9_85\ [\div_gen_0_xbip_pipe_v3_0_6_viv_...]
Compiling architecture structure of entity xil_defaultlib.\div_gen_0_xbip_pipe_v3_0_6_viv__parameterized11_86\ [\div_gen_0_xbip_pipe_v3_0_6_viv_...]
Compiling architecture structure of entity xil_defaultlib.\div_gen_0_xbip_pipe_v3_0_6_viv__parameterized72\ [\div_gen_0_xbip_pipe_v3_0_6_viv_...]
Compiling architecture structure of entity xil_defaultlib.\div_gen_0_xbip_pipe_v3_0_6_viv__parameterized74\ [\div_gen_0_xbip_pipe_v3_0_6_viv_...]
Compiling architecture structure of entity xil_defaultlib.\div_gen_0_xbip_pipe_v3_0_6_viv__parameterized16_87\ [\div_gen_0_xbip_pipe_v3_0_6_viv_...]
Compiling architecture structure of entity xil_defaultlib.\div_gen_0_xbip_pipe_v3_0_6_viv__parameterized16_88\ [\div_gen_0_xbip_pipe_v3_0_6_viv_...]
Compiling architecture structure of entity xil_defaultlib.\div_gen_0_xbip_pipe_v3_0_6_viv__parameterized16_89\ [\div_gen_0_xbip_pipe_v3_0_6_viv_...]
Compiling architecture structure of entity xil_defaultlib.\div_gen_0_xbip_pipe_v3_0_6_viv__parameterized3_105\ [\div_gen_0_xbip_pipe_v3_0_6_viv_...]
Compiling architecture structure of entity xil_defaultlib.\div_gen_0_xbip_pipe_v3_0_6_viv__parameterized14_106\ [\div_gen_0_xbip_pipe_v3_0_6_viv_...]
Compiling architecture structure of entity xil_defaultlib.\div_gen_0_xbip_pipe_v3_0_6_viv__parameterized3_107\ [\div_gen_0_xbip_pipe_v3_0_6_viv_...]
Compiling architecture structure of entity xil_defaultlib.div_gen_0_c_addsub_lut6_104 [div_gen_0_c_addsub_lut6_104_defa...]
Compiling architecture structure of entity xil_defaultlib.div_gen_0_c_addsub_viv_103 [div_gen_0_c_addsub_viv_103_defau...]
Compiling architecture structure of entity xil_defaultlib.div_gen_0_addsubreg_v_90 [div_gen_0_addsubreg_v_90_default]
Compiling architecture structure of entity xil_defaultlib.\div_gen_0_xbip_pipe_v3_0_6_viv__parameterized9_91\ [\div_gen_0_xbip_pipe_v3_0_6_viv_...]
Compiling architecture structure of entity xil_defaultlib.\div_gen_0_xbip_pipe_v3_0_6_viv__parameterized11_92\ [\div_gen_0_xbip_pipe_v3_0_6_viv_...]
Compiling architecture structure of entity xil_defaultlib.\div_gen_0_xbip_pipe_v3_0_6_viv__parameterized76\ [\div_gen_0_xbip_pipe_v3_0_6_viv_...]
Compiling architecture structure of entity xil_defaultlib.\div_gen_0_xbip_pipe_v3_0_6_viv__parameterized16_93\ [\div_gen_0_xbip_pipe_v3_0_6_viv_...]
Compiling architecture structure of entity xil_defaultlib.\div_gen_0_xbip_pipe_v3_0_6_viv__parameterized16_94\ [\div_gen_0_xbip_pipe_v3_0_6_viv_...]
Compiling architecture structure of entity xil_defaultlib.\div_gen_0_xbip_pipe_v3_0_6_viv__parameterized16_95\ [\div_gen_0_xbip_pipe_v3_0_6_viv_...]
Compiling architecture structure of entity xil_defaultlib.\div_gen_0_xbip_pipe_v3_0_6_viv__parameterized3_101\ [\div_gen_0_xbip_pipe_v3_0_6_viv_...]
Compiling architecture structure of entity xil_defaultlib.\div_gen_0_xbip_pipe_v3_0_6_viv__parameterized14\ [\div_gen_0_xbip_pipe_v3_0_6_viv_...]
Compiling architecture structure of entity xil_defaultlib.\div_gen_0_xbip_pipe_v3_0_6_viv__parameterized3_102\ [\div_gen_0_xbip_pipe_v3_0_6_viv_...]
Compiling architecture structure of entity xil_defaultlib.div_gen_0_c_addsub_lut6 [div_gen_0_c_addsub_lut6_default]
Compiling architecture structure of entity xil_defaultlib.div_gen_0_c_addsub_viv [div_gen_0_c_addsub_viv_default]
Compiling architecture structure of entity xil_defaultlib.div_gen_0_addsubreg_v_96 [div_gen_0_addsubreg_v_96_default]
Compiling architecture structure of entity xil_defaultlib.\div_gen_0_xbip_pipe_v3_0_6_viv__parameterized9_97\ [\div_gen_0_xbip_pipe_v3_0_6_viv_...]
Compiling architecture structure of entity xil_defaultlib.\div_gen_0_xbip_pipe_v3_0_6_viv__parameterized11_98\ [\div_gen_0_xbip_pipe_v3_0_6_viv_...]
Compiling architecture structure of entity xil_defaultlib.\div_gen_0_xbip_pipe_v3_0_6_viv__parameterized22\ [\div_gen_0_xbip_pipe_v3_0_6_viv_...]
Compiling architecture structure of entity xil_defaultlib.\div_gen_0_xbip_pipe_v3_0_6_viv__parameterized24\ [\div_gen_0_xbip_pipe_v3_0_6_viv_...]
Compiling architecture structure of entity xil_defaultlib.\div_gen_0_xbip_pipe_v3_0_6_viv__parameterized16_99\ [\div_gen_0_xbip_pipe_v3_0_6_viv_...]
Compiling architecture structure of entity xil_defaultlib.\div_gen_0_xbip_pipe_v3_0_6_viv__parameterized80\ [\div_gen_0_xbip_pipe_v3_0_6_viv_...]
Compiling architecture structure of entity xil_defaultlib.\div_gen_0_xbip_pipe_v3_0_6_viv__parameterized9_100\ [\div_gen_0_xbip_pipe_v3_0_6_viv_...]
Compiling architecture structure of entity xil_defaultlib.\div_gen_0_xbip_pipe_v3_0_6_viv__parameterized78\ [\div_gen_0_xbip_pipe_v3_0_6_viv_...]
Compiling architecture lut3_v of entity unisim.LUT3 [\LUT3(init="01000111")(0,7)\]
Compiling architecture lut3_v of entity unisim.LUT3 [\LUT3(init="10111000")(0,7)\]
Compiling architecture structure of entity xil_defaultlib.\div_gen_0_xbip_pipe_v3_0_6_viv__parameterized82\ [\div_gen_0_xbip_pipe_v3_0_6_viv_...]
Compiling architecture structure of entity xil_defaultlib.div_gen_0_dividervdc_v [div_gen_0_dividervdc_v_default]
Compiling architecture structure of entity xil_defaultlib.div_gen_0_bip_sdivider_synth [div_gen_0_bip_sdivider_synth_def...]
Compiling architecture structure of entity xil_defaultlib.div_gen_0_div_gen_synth [div_gen_0_div_gen_synth_default]
Compiling architecture structure of entity xil_defaultlib.div_gen_0_div_gen_v5_1_15_viv [div_gen_0_div_gen_v5_1_15_viv_de...]
Compiling architecture structure of entity xil_defaultlib.div_gen_0_div_gen_v5_1_15 [div_gen_0_div_gen_v5_1_15_defaul...]
Compiling architecture structure of entity xil_defaultlib.div_gen_0 [div_gen_0_default]
Compiling architecture bufg_v of entity unisim.BUFG [bufg_default]
Compiling architecture ibuf_v of entity unisim.IBUF [\IBUF(1,9)(1,1)(1,4)(1,7)\]
Compiling architecture mmcme2_adv_v of entity unisim.MMCME2_ADV [\MMCME2_ADV(clkfbout_mult_f=63.7...]
Compiling architecture structure of entity xil_defaultlib.clk_wiz_0_clk_wiz_0_clk_wiz [clk_wiz_0_clk_wiz_0_clk_wiz_defa...]
Compiling architecture structure of entity xil_defaultlib.clk_wiz_0 [clk_wiz_0_default]
Compiling architecture behavioral of entity xil_defaultlib.ComputeModule [computemodule_default]
Compiling architecture behavioral of entity xil_defaultlib.computemodule_tb
Built simulation snapshot ComputeModule_tb_behav
